# JRE version: OpenJDK Runtime Environment Microsoft-8035246 (17.0.8+7) (build 17.0.8+7-LTS)
# Java VM: OpenJDK 64-Bit Server VM Microsoft-8035246 (17.0.8+7-LTS, mixed mode, sharing, tiered, compressed oops, compressed class ptrs, g1 gc, windows-amd64)
GC Precious Log:
 CPUs: 4 total, 4 available
 Memory: 16342M
 Large Page Support: Disabled
 NUMA Support: Disabled
 Compressed Oops: Enabled (32-bit)
 Heap Region Size: 1M
 Heap Min Capacity: 8M
 Heap Initial Capacity: 256M
 Heap Max Capacity: 2G
 Pre-touch: Disabled
 Parallel Workers: 4
 Concurrent Workers: 1
 Concurrent Refinement Workers: 4
 Periodic GC: Disabled
Heap:
 garbage-first heap   total 354304K, used 241607K [0x0000000080000000, 0x0000000100000000)
  region size 1024K, 38 young (38912K), 7 survivors (7168K)
 Metaspace       used 107892K, committed 109120K, reserved 557056K
  class space    used 14944K, committed 15488K, reserved 425984K
GC Heap History (20 events):
Event: 31.113 GC heap before
{Heap before GC invocations=37 (full 0):
 garbage-first heap   total 177152K, used 133144K [0x0000000080000000, 0x0000000100000000)
  region size 1024K, 49 young (50176K), 3 survivors (3072K)
 Metaspace       used 78144K, committed 78848K, reserved 557056K
  class space    used 10842K, committed 11200K, reserved 425984K
}
Event: 31.118 GC heap after
{Heap after GC invocations=38 (full 0):
 garbage-first heap   total 177152K, used 89535K [0x0000000080000000, 0x0000000100000000)
  region size 1024K, 6 young (6144K), 6 survivors (6144K)
 Metaspace       used 78144K, committed 78848K, reserved 557056K
  class space    used 10842K, committed 11200K, reserved 425984K
}
Event: 31.144 GC heap before
{Heap before GC invocations=38 (full 0):
 garbage-first heap   total 177152K, used 91583K [0x0000000080000000, 0x0000000100000000)
  region size 1024K, 8 young (8192K), 6 survivors (6144K)
 Metaspace       used 78209K, committed 78912K, reserved 557056K
  class space    used 10852K, committed 11200K, reserved 425984K
}
Event: 31.150 GC heap after
{Heap after GC invocations=39 (full 0):
 garbage-first heap   total 177152K, used 90177K [0x0000000080000000, 0x0000000100000000)
  region size 1024K, 1 young (1024K), 1 survivors (1024K)
 Metaspace       used 78209K, committed 78912K, reserved 557056K
  class space    used 10852K, committed 11200K, reserved 425984K
}
Event: 31.675 GC heap before
{Heap before GC invocations=39 (full 0):
 garbage-first heap   total 177152K, used 136257K [0x0000000080000000, 0x0000000100000000)
  region size 1024K, 46 young (47104K), 1 survivors (1024K)
 Metaspace       used 81257K, committed 81984K, reserved 557056K
  class space    used 11280K, committed 11648K, reserved 425984K
}
Event: 31.679 GC heap after
{Heap after GC invocations=40 (full 0):
 garbage-first heap   total 354304K, used 91496K [0x0000000080000000, 0x0000000100000000)
  region size 1024K, 3 young (3072K), 3 survivors (3072K)
 Metaspace       used 81257K, committed 81984K, reserved 557056K
  class space    used 11280K, committed 11648K, reserved 425984K
}
Event: 33.396 GC heap before
{Heap before GC invocations=40 (full 0):
 garbage-first heap   total 354304K, used 237928K [0x0000000080000000, 0x0000000100000000)
  region size 1024K, 146 young (149504K), 3 survivors (3072K)
 Metaspace       used 90373K, committed 91200K, reserved 557056K
  class space    used 12681K, committed 13056K, reserved 425984K
}
Event: 33.409 GC heap after
{Heap after GC invocations=41 (full 0):
 garbage-first heap   total 354304K, used 102391K [0x0000000080000000, 0x0000000100000000)
  region size 1024K, 13 young (13312K), 13 survivors (13312K)
 Metaspace       used 90373K, committed 91200K, reserved 557056K
  class space    used 12681K, committed 13056K, reserved 425984K
}
Event: 35.932 GC heap before
{Heap before GC invocations=41 (full 0):
 garbage-first heap   total 354304K, used 266231K [0x0000000080000000, 0x0000000100000000)
  region size 1024K, 167 young (171008K), 13 survivors (13312K)
 Metaspace       used 95646K, committed 96704K, reserved 557056K
  class space    used 13401K, committed 13888K, reserved 425984K
}
Event: 35.956 GC heap after
{Heap after GC invocations=42 (full 0):
 garbage-first heap   total 354304K, used 133111K [0x0000000080000000, 0x0000000100000000)
  region size 1024K, 21 young (21504K), 21 survivors (21504K)
 Metaspace       used 95646K, committed 96704K, reserved 557056K
  class space    used 13401K, committed 13888K, reserved 425984K
}
Event: 36.793 GC heap before
{Heap before GC invocations=42 (full 0):
 garbage-first heap   total 354304K, used 262135K [0x0000000080000000, 0x0000000100000000)
  region size 1024K, 147 young (150528K), 21 survivors (21504K)
 Metaspace       used 98120K, committed 99136K, reserved 557056K
  class space    used 13742K, committed 14208K, reserved 425984K
}
Event: 36.817 GC heap after
{Heap after GC invocations=43 (full 0):
 garbage-first heap   total 354304K, used 153600K [0x0000000080000000, 0x0000000100000000)
  region size 1024K, 19 young (19456K), 19 survivors (19456K)
 Metaspace       used 98120K, committed 99136K, reserved 557056K
  class space    used 13742K, committed 14208K, reserved 425984K
}
Event: 38.570 GC heap before
{Heap before GC invocations=43 (full 0):
 garbage-first heap   total 354304K, used 271360K [0x0000000080000000, 0x0000000100000000)
  region size 1024K, 130 young (133120K), 19 survivors (19456K)
 Metaspace       used 99745K, committed 100928K, reserved 557056K
  class space    used 13925K, committed 14464K, reserved 425984K
}
Event: 38.607 GC heap after
{Heap after GC invocations=44 (full 0):
 garbage-first heap   total 354304K, used 179200K [0x0000000080000000, 0x0000000100000000)
  region size 1024K, 17 young (17408K), 17 survivors (17408K)
 Metaspace       used 99745K, committed 100928K, reserved 557056K
  class space    used 13925K, committed 14464K, reserved 425984K
}
Event: 39.618 GC heap before
{Heap before GC invocations=44 (full 0):
 garbage-first heap   total 354304K, used 273408K [0x0000000080000000, 0x0000000100000000)
  region size 1024K, 109 young (111616K), 17 survivors (17408K)
 Metaspace       used 104267K, committed 105408K, reserved 557056K
  class space    used 14556K, committed 15040K, reserved 425984K
}
Event: 39.636 GC heap after
{Heap after GC invocations=45 (full 0):
 garbage-first heap   total 354304K, used 188928K [0x0000000080000000, 0x0000000100000000)
  region size 1024K, 9 young (9216K), 9 survivors (9216K)
 Metaspace       used 104267K, committed 105408K, reserved 557056K
  class space    used 14556K, committed 15040K, reserved 425984K
}
Event: 40.529 GC heap before
{Heap before GC invocations=45 (full 0):
 garbage-first heap   total 354304K, used 284160K [0x0000000080000000, 0x0000000100000000)
  region size 1024K, 98 young (100352K), 9 survivors (9216K)
 Metaspace       used 107020K, committed 108224K, reserved 557056K
  class space    used 14829K, committed 15360K, reserved 425984K
}
Event: 40.552 GC heap after
{Heap after GC invocations=46 (full 0):
 garbage-first heap   total 354304K, used 199657K [0x0000000080000000, 0x0000000100000000)
  region size 1024K, 11 young (11264K), 11 survivors (11264K)
 Metaspace       used 107020K, committed 108224K, reserved 557056K
  class space    used 14829K, committed 15360K, reserved 425984K
}
Event: 42.112 GC heap before
{Heap before GC invocations=46 (full 0):
 garbage-first heap   total 354304K, used 282601K [0x0000000080000000, 0x0000000100000000)
  region size 1024K, 93 young (95232K), 11 survivors (11264K)
 Metaspace       used 107877K, committed 109120K, reserved 557056K
  class space    used 14944K, committed 15488K, reserved 425984K
}
Event: 42.129 GC heap after
{Heap after GC invocations=47 (full 0):
 garbage-first heap   total 354304K, used 206791K [0x0000000080000000, 0x0000000100000000)
  region size 1024K, 7 young (7168K), 7 survivors (7168K)
 Metaspace       used 107877K, committed 109120K, reserved 557056K
  class space    used 14944K, committed 15488K, reserved 425984K
}

